TN:
SF:src\components\Forms\Button\index.tsx
FN:11,Button
FNF:1
FNH:0
FNDA:0,Button
DA:16,0
LF:1
LH:0
BRF:0
BRH:0
end_of_record
TN:
SF:src\components\Forms\CategorySelectButton\index.tsx
FN:15,CategorySelectButton
FNF:1
FNH:0
FNDA:0,CategorySelectButton
DA:20,0
LF:1
LH:0
BRF:0
BRH:0
end_of_record
TN:
SF:src\components\Forms\Input\index.tsx
FN:10,Input
FNF:1
FNH:1
FNDA:1,Input
DA:14,1
LF:1
LH:1
BRDA:11,0,0,0
BRF:1
BRH:0
end_of_record
TN:
SF:src\components\Forms\InputForm\index.tsx
FN:14,InputForm
FN:24,(anonymous_1)
FNF:2
FNH:0
FNDA:0,InputForm
FNDA:0,(anonymous_1)
DA:20,0
DA:25,0
LF:2
LH:0
BRDA:34,0,0,0
BRDA:34,0,1,0
BRF:2
BRH:0
end_of_record
TN:
SF:src\components\Forms\TransactionTypeButton\index.tsx
FN:21,TransactionTypeButton
FNF:1
FNH:0
FNDA:0,TransactionTypeButton
DA:10,1
DA:27,0
LF:2
LH:1
BRF:0
BRH:0
end_of_record
TN:
SF:src\components\HighlightCard\index.tsx
FN:25,HighlightCard
FNF:1
FNH:0
FNDA:0,HighlightCard
DA:19,0
DA:26,0
LF:2
LH:0
BRF:0
BRH:0
end_of_record
TN:
SF:src\components\HistoryCard\index.tsx
FN:15,HistoryCard
FNF:1
FNH:0
FNDA:0,HistoryCard
DA:20,0
LF:1
LH:0
BRF:0
BRH:0
end_of_record
TN:
SF:src\components\SignInSocialButton\index.tsx
FN:16,SignInSocialButton
FNF:1
FNH:0
FNDA:0,SignInSocialButton
DA:21,0
LF:1
LH:0
BRF:0
BRH:0
end_of_record
TN:
SF:src\components\TransactionCard\index.tsx
FN:28,TransactionCard
FN:30,(anonymous_1)
FNF:2
FNH:0
FNDA:0,TransactionCard
FNDA:0,(anonymous_1)
DA:29,0
DA:30,0
DA:33,0
LF:3
LH:0
BRDA:39,0,0,0
BRDA:39,0,1,0
BRF:2
BRH:0
end_of_record
TN:
SF:src\hooks\auth.tsx
FN:44,AuthProvider
FN:50,signInWithGoogle
FN:79,signInWithApple
FN:108,signOut
FN:113,(anonymous_4)
FN:114,loadUserStorageDate
FN:141,useAuth
FNF:7
FNH:5
FNDA:6,AuthProvider
FNDA:3,signInWithGoogle
FNDA:0,signInWithApple
FNDA:0,signOut
FNDA:3,(anonymous_4)
FNDA:3,loadUserStorageDate
FNDA:7,useAuth
DA:9,2
DA:10,2
DA:42,2
DA:45,6
DA:46,6
DA:48,6
DA:51,3
DA:52,3
DA:53,3
DA:55,3
DA:57,3
DA:60,0
DA:61,0
DA:62,0
DA:64,0
DA:70,0
DA:71,0
DA:75,3
DA:80,0
DA:81,0
DA:88,0
DA:89,0
DA:90,0
DA:92,0
DA:99,0
DA:100,0
DA:104,0
DA:109,0
DA:110,0
DA:113,6
DA:115,3
DA:117,3
DA:118,0
DA:119,0
DA:122,3
DA:125,3
DA:128,6
DA:142,7
DA:143,7
LF:39
LH:20
BRDA:60,0,0,0
BRDA:60,0,1,0
BRDA:88,1,0,0
BRDA:88,1,1,0
BRDA:117,2,0,0
BRDA:117,2,1,3
BRF:6
BRH:1
end_of_record
TN:
SF:src\routes\app.routes.tsx
FN:13,AppRoutes
FN:32,(anonymous_1)
FN:46,(anonymous_2)
FN:60,(anonymous_3)
FNF:4
FNH:0
FNDA:0,AppRoutes
FNDA:0,(anonymous_1)
FNDA:0,(anonymous_2)
FNDA:0,(anonymous_3)
DA:11,0
DA:14,0
DA:16,0
DA:33,0
DA:47,0
DA:61,0
LF:6
LH:0
BRDA:23,0,0,0
BRDA:23,0,1,0
BRF:2
BRH:0
end_of_record
TN:
SF:src\routes\auth.routes.tsx
FN:8,AuthRoutes
FNF:1
FNH:0
FNDA:0,AuthRoutes
DA:6,0
DA:9,0
LF:2
LH:0
BRF:0
BRH:0
end_of_record
TN:
SF:src\routes\index.tsx
FN:9,Routes
FNF:1
FNH:0
FNDA:0,Routes
DA:10,0
DA:12,0
DA:14,0
LF:3
LH:0
BRDA:16,0,0,0
BRDA:16,0,1,0
BRF:2
BRH:0
end_of_record
TN:
SF:src\screens\CategorySelect\index.tsx
FN:30,CategorySelect
FN:35,handleCategorySelect
FN:48,(anonymous_2)
FN:49,(anonymous_3)
FN:51,(anonymous_4)
FN:58,(anonymous_5)
FNF:6
FNH:0
FNDA:0,CategorySelect
FNDA:0,handleCategorySelect
FNDA:0,(anonymous_2)
FNDA:0,(anonymous_3)
FNDA:0,(anonymous_4)
FNDA:0,(anonymous_5)
DA:36,0
DA:39,0
DA:48,0
DA:50,0
DA:51,0
DA:58,0
LF:6
LH:0
BRF:0
BRH:0
end_of_record
TN:
SF:src\screens\Dashboard\index.tsx
FN:45,Dashboard
FN:53,getLastTransactionDate
FN:58,(anonymous_2)
FN:66,(anonymous_3)
FN:71,loadTransactions
FN:80,(anonymous_5)
FN:152,(anonymous_6)
FN:156,(anonymous_7)
FN:217,(anonymous_8)
FN:218,(anonymous_9)
FNF:10
FNH:0
FNDA:0,Dashboard
FNDA:0,getLastTransactionDate
FNDA:0,(anonymous_2)
FNDA:0,(anonymous_3)
FNDA:0,loadTransactions
FNDA:0,(anonymous_5)
FNDA:0,(anonymous_6)
FNDA:0,(anonymous_7)
FNDA:0,(anonymous_8)
FNDA:0,(anonymous_9)
DA:46,0
DA:47,0
DA:48,0
DA:50,0
DA:51,0
DA:57,0
DA:58,0
DA:60,0
DA:61,0
DA:64,0
DA:66,0
DA:68,0
DA:72,0
DA:73,0
DA:74,0
DA:76,0
DA:77,0
DA:79,0
DA:82,0
DA:83,0
DA:85,0
DA:88,0
DA:94,0
DA:100,0
DA:110,0
DA:112,0
DA:113,0
DA:115,0
DA:119,0
DA:121,0
DA:149,0
DA:152,0
DA:153,0
DA:156,0
DA:157,0
DA:160,0
DA:217,0
DA:218,0
LF:38
LH:0
BRDA:60,0,0,0
BRDA:60,0,1,0
BRDA:74,1,0,0
BRDA:74,1,1,0
BRDA:82,2,0,0
BRDA:82,2,1,0
BRDA:115,3,0,0
BRDA:115,3,1,0
BRDA:127,4,0,0
BRDA:127,4,1,0
BRDA:136,5,0,0
BRDA:136,5,1,0
BRDA:163,6,0,0
BRDA:163,6,1,0
BRF:14
BRH:0
end_of_record
TN:
SF:src\screens\Profile\index.tsx
FN:9,Profile
FN:31,(anonymous_1)
FNF:2
FNH:1
FNDA:3,Profile
FNDA:0,(anonymous_1)
DA:10,3
LF:1
LH:1
BRF:0
BRH:0
end_of_record
TN:
SF:src\screens\Register\index.tsx
FN:49,Register
FN:71,handleTransactionsTypeSelect
FN:75,handleOpenSelectCategoryModal
FN:79,handleCloseSelectCategoryModal
FN:83,handleRegister
FN:159,(anonymous_5)
FN:165,(anonymous_6)
FNF:7
FNH:1
FNDA:1,Register
FNDA:0,handleTransactionsTypeSelect
FNDA:0,handleOpenSelectCategoryModal
FNDA:0,handleCloseSelectCategoryModal
FNDA:0,handleRegister
FNDA:0,(anonymous_5)
FNDA:0,(anonymous_6)
DA:38,1
DA:50,1
DA:51,1
DA:53,1
DA:55,1
DA:60,1
DA:67,0
DA:72,0
DA:76,0
DA:80,0
DA:84,0
DA:85,0
DA:88,0
DA:89,0
DA:92,0
DA:101,0
DA:102,0
DA:104,0
DA:105,0
DA:107,0
DA:112,0
DA:115,0
DA:116,0
DA:117,0
DA:122,0
DA:125,0
DA:126,0
DA:130,0
DA:159,0
DA:165,0
LF:30
LH:6
BRDA:84,0,0,0
BRDA:84,0,1,0
BRDA:88,1,0,0
BRDA:88,1,1,0
BRDA:105,2,0,0
BRDA:105,2,1,0
BRDA:145,3,0,0
BRDA:145,3,1,0
BRDA:152,4,0,0
BRDA:152,4,1,0
BRF:10
BRH:0
end_of_record
TN:
SF:src\screens\Resume\index.tsx
FN:47,Resume
FN:55,handleDateChange
FN:63,loadData
FN:71,(anonymous_3)
FN:78,(anonymous_4)
FN:84,(anonymous_5)
FN:87,(anonymous_6)
FN:117,(anonymous_7)
FN:143,(anonymous_8)
FN:151,(anonymous_9)
FN:159,(anonymous_10)
FN:174,(anonymous_11)
FNF:12
FNH:0
FNDA:0,Resume
FNDA:0,handleDateChange
FNDA:0,loadData
FNDA:0,(anonymous_3)
FNDA:0,(anonymous_4)
FNDA:0,(anonymous_5)
FNDA:0,(anonymous_6)
FNDA:0,(anonymous_7)
FNDA:0,(anonymous_8)
FNDA:0,(anonymous_9)
FNDA:0,(anonymous_10)
FNDA:0,(anonymous_11)
DA:48,0
DA:49,0
DA:50,0
DA:52,0
DA:53,0
DA:56,0
DA:57,0
DA:59,0
DA:64,0
DA:66,0
DA:67,0
DA:68,0
DA:70,0
DA:72,0
DA:77,0
DA:79,0
DA:82,0
DA:84,0
DA:85,0
DA:87,0
DA:88,0
DA:89,0
DA:93,0
DA:94,0
DA:100,0
DA:102,0
DA:113,0
DA:114,0
DA:117,0
DA:118,0
DA:121,0
DA:143,0
DA:151,0
DA:159,0
DA:175,0
LF:35
LH:0
BRDA:56,0,0,0
BRDA:56,0,1,0
BRDA:68,1,0,0
BRDA:68,1,1,0
BRDA:72,2,0,0
BRDA:72,2,1,0
BRDA:72,2,2,0
BRDA:88,3,0,0
BRDA:88,3,1,0
BRDA:93,4,0,0
BRDA:93,4,1,0
BRDA:127,5,0,0
BRDA:127,5,1,0
BRF:13
BRH:0
end_of_record
TN:
SF:src\screens\SignIn\index.tsx
FN:23,SignIn
FN:29,handleSignInWithGoogle
FN:41,handleSignInWithApple
FNF:3
FNH:0
FNDA:0,SignIn
FNDA:0,handleSignInWithGoogle
FNDA:0,handleSignInWithApple
DA:24,0
DA:25,0
DA:27,0
DA:30,0
DA:31,0
DA:32,0
DA:35,0
DA:36,0
DA:37,0
DA:42,0
DA:43,0
DA:44,0
DA:47,0
DA:48,0
DA:49,0
DA:53,0
LF:16
LH:0
BRDA:80,0,0,0
BRDA:80,0,1,0
BRDA:89,1,0,0
BRDA:89,1,1,0
BRF:4
BRH:0
end_of_record
